// 重构日志: 0f7860f8
// 重构日志: 8f493601
// 同步 ID: bd96d20f @ Sat Jul 11 16:49:07 UTC 2026
// 重构日志: e8ecb877
// 重构日志: 6fc850c3
// 同步 ID: bea240a8 @ Sun Jul 12 12:50:41 UTC 2026
// 同步 ID: 93fc09af @ Sun Jul 12 15:43:57 UTC 2026
// 重构日志: 9cce75f8
// 重构日志: 641920d3
// 重构日志: 84db7554
// 重构日志: a37c8f72
// 同步 ID: 38195d5e @ Mon Jul 13 17:02:18 UTC 2026
// 重构日志: b287dac9
// 重构日志: 28b66f8b
// 重构日志: 9110f569
// 重构日志: 9566127e
// 重构日志: bd5e3126
// 重构日志: 3d634c44
// 重构日志: 17dab69a
// 重构日志: 138a8a21
// 重构日志: 7bad97a6
// 重构日志: 46436eca
// 重构日志: ef73b0e9
// 重构日志: d25e343a
// 重构日志: 53b89ab8
// 重构日志: c3220e11
// 重构日志: dc26870e
// 重构日志: f19641da
// 同步 ID: bbe115d9 @ Mon Jul 20 14:02:21 UTC 2026
// 同步 ID: 2f887fcd @ Wed Jul 22 11:44:33 UTC 2026
